app/build/outputs/logs/manifest-merger-debug-report.txt
-- Merging decision tree log ---
manifest
ADDED from src\main\AndroidManifest.xml:2:1-96:12
INJECTED from src\main\AndroidManifest.xml:2:1-96:12
INJECTED from src\main\AndroidManifest.xml:2:1-96:12
INJECTED from src\main\AndroidManifest.xml:2:1-96:12
MERGED from [com.firebaseui:firebase-ui-auth:4.0.1] AndroidManifest.xml:2:1-93:12
MERGED from [com.android.support:design:27.1.1] AndroidManifest.xml:17:1-22:12
MERGED from [com.yarolegovich:lovely-dialog:1.1.0] AndroidManifest.xml:2:1-12:12
MERGED from [me.zhanghai.android.materialprogressbar:library:1.4.2] AndroidManifest.xml:6:1-16:12
MERGED from [com.android.support:appcompat-v7:27.1.1] AndroidManifest.xml:17:1-22:12
MERGED from [com.google.firebase:firebase-core:16.0.0] AndroidManifest.xml:2:1-9:12
MERGED from [com.google.firebase:firebase-database:16.0.1] AndroidManifest.xml:2:1-8:12
MERGED from [com.google.firebase:firebase-auth:16.0.1] AndroidManifest.xml:17:1-38:12
MERGED from [de.hdodenhof:circleimageview:2.2.0] AndroidManifest.xml:2:1-11:12
MERGED from [com.android.support:cardview-v7:27.1.1] AndroidManifest.xml:17:1-22:12
MERGED from [com.android.support:percent:27.1.1] AndroidManifest.xml:17:1-22:12
MERGED from [com.google.firebase:firebase-messaging:17.0.0] AndroidManifest.xml:17:1-37:12
MERGED from [com.android.support:animated-vector-drawable:27.1.1] AndroidManifest.xml:17:1-22:12
MERGED from [com.android.support:support-vector-drawable:27.1.1] AndroidManifest.xml:17:1-22:12
MERGED from [com.android.support:recyclerview-v7:27.1.1] AndroidManifest.xml:17:1-22:12
MERGED from [com.android.support:transition:27.1.1] AndroidManifest.xml:17:1-22:12
MERGED from [com.android.support:customtabs:27.1.1] AndroidManifest.xml:17:1-22:12
MERGED from [com.google.firebase:firebase-measurement-connector-impl:16.0.0] AndroidManifest.xml:17:1-34:12
MERGED from [com.google.firebase:firebase-analytics:16.0.0] AndroidManifest.xml:17:1-55:12
MERGED from [com.google.firebase:firebase-database-connection:16.0.1] AndroidManifest.xml:2:1-10:12
MERGED from [com.google.firebase:firebase-auth-interop:16.0.0] AndroidManifest.xml:2:1-10:12
MERGED from [com.google.firebase:firebase-analytics-impl:16.0.0] AndroidManifest.xml:17:1-41:12
MERGED from [com.google.firebase:firebase-iid:16.0.0] AndroidManifest.xml:17:1-65:12
MERGED from [com.google.firebase:firebase-common:16.0.0] AndroidManifest.xml:2:1-16:12
MERGED from [com.google.android.gms:play-services-flags:15.0.1] AndroidManifest.xml:17:1-22:12
MERGED from [com.google.android.gms:play-services-auth:15.0.1] AndroidManifest.xml:17:1-39:12
MERGED from [com.google.android.gms:play-services-auth-api-phone:15.0.1] AndroidManifest.xml:2:1-7:12
MERGED from [com.google.android.gms:play-services-auth-base:15.0.1] AndroidManifest.xml:2:1-7:12
MERGED from [com.google.firebase:firebase-iid-interop:16.0.0] AndroidManifest.xml:2:1-10:12
MERGED from [com.google.android.gms:play-services-base:15.0.1] AndroidManifest.xml:17:1-29:12
MERGED from [com.google.android.gms:play-services-tasks:15.0.1] AndroidManifest.xml:2:1-9:12
MERGED from [com.google.firebase:firebase-database-collection:15.0.1] AndroidManifest.xml:2:1-8:12
MERGED from [com.google.firebase:firebase-measurement-connector:16.0.0] AndroidManifest.xml:17:1-25:12
MERGED from [com.google.android.gms:play-services-stats:15.0.1] AndroidManifest.xml:2:1-9:12
MERGED from [com.google.android.gms:play-services-ads-identifier:15.0.1] AndroidManifest.xml:17:1-24:12
MERGED from [com.google.android.gms:play-services-basement:15.0.1] AndroidManifest.xml:17:1-28:12
MERGED from [com.android.support:support-v4:27.1.1] AndroidManifest.xml:17:1-22:12
MERGED from [android.arch.lifecycle:extensions:1.1.1] AndroidManifest.xml:17:1-30:12
MERGED from [com.android.support:support-fragment:27.1.1] AndroidManifest.xml:17:1-22:12
MERGED from [com.android.support:support-core-ui:27.1.1] AndroidManifest.xml:17:1-22:12
MERGED from [com.android.support:support-core-utils:27.1.1] AndroidManifest.xml:17:1-22:12
MERGED from [com.android.support:support-media-compat:27.1.1] AndroidManifest.xml:17:1-22:12
MERGED from [com.android.support:support-compat:27.1.1] AndroidManifest.xml:17:1-22:12
MERGED from [android.arch.lifecycle:livedata:1.1.1] AndroidManifest.xml:17:1-22:12
MERGED from [android.arch.lifecycle:livedata-core:1.1.1] AndroidManifest.xml:17:1-22:12
MERGED from [android.arch.core:runtime:1.1.1] AndroidManifest.xml:17:1-22:12
MERGED from [android.arch.lifecycle:runtime:1.1.1] AndroidManifest.xml:17:1-22:12
MERGED from [android.arch.lifecycle:viewmodel:1.1.1] AndroidManifest.xml:17:1-22:12
MERGED from [com.android.support.constraint:constraint-layout:1.1.0] AndroidManifest.xml:2:1-11:12
MERGED from [com.google.android.gms:play-services-measurement-base:15.0.4] AndroidManifest.xml:17:1-24:12
INJECTED from src\main\AndroidManifest.xml:2:1-96:12
INJECTED from src\main\AndroidManifest.xml:2:1-96:12
INJECTED from src\main\AndroidManifest.xml:2:1-96:12
	package
		ADDED from src\main\AndroidManifest.xml:3:5-36
		INJECTED from src\main\AndroidManifest.xml
		INJECTED from src\main\AndroidManifest.xml
	android:versionName
		INJECTED from src\main\AndroidManifest.xml
		ADDED from src\main\AndroidManifest.xml:2:1-96:12
		INJECTED from src\main\AndroidManifest.xml
	android:versionCode
		INJECTED from src\main\AndroidManifest.xml
		ADDED from src\main\AndroidManifest.xml:2:1-96:12
		INJECTED from src\main\AndroidManifest.xml
	xmlns:android
		ADDED from src\main\AndroidManifest.xml:2:11-69
uses-permission#android.permission.READ_EXTERNAL_STORAGE
ADDED from src\main\AndroidManifest.xml:5:5-79
	android:name
		ADDED from src\main\AndroidManifest.xml:5:22-77
uses-permission#android.permission.INTERNET
ADDED from src\main\AndroidManifest.xml:6:5-66
MERGED from [com.firebaseui:firebase-ui-auth:4.0.1] AndroidManifest.xml:13:5-67
MERGED from [com.firebaseui:firebase-ui-auth:4.0.1] AndroidManifest.xml:13:5-67
MERGED from [com.google.firebase:firebase-measurement-connector-impl:16.0.0] AndroidManifest.xml:22:5-67
MERGED from [com.google.firebase:firebase-measurement-connector-impl:16.0.0] AndroidManifest.xml:22:5-67
MERGED from [com.google.firebase:firebase-analytics:16.0.0] AndroidManifest.xml:23:5-67
MERGED from [com.google.firebase:firebase-analytics:16.0.0] AndroidManifest.xml:23:5-67
MERGED from [com.google.firebase:firebase-database-connection:16.0.1] AndroidManifest.xml:8:5-67
MERGED from [com.google.firebase:firebase-database-connection:16.0.1] AndroidManifest.xml:8:5-67
MERGED from [com.google.firebase:firebase-analytics-impl:16.0.0] AndroidManifest.xml:23:5-67
MERGED from [com.google.firebase:firebase-analytics-impl:16.0.0] AndroidManifest.xml:23:5-67
MERGED from [com.google.firebase:firebase-iid:16.0.0] AndroidManifest.xml:23:5-67
MERGED from [com.google.firebase:firebase-iid:16.0.0] AndroidManifest.xml:23:5-67
	android:name
		ADDED from src\main\AndroidManifest.xml:6:22-64
uses-permission#android.permission.VIBRATE
ADDED from src\main\AndroidManifest.xml:7:5-66
	android:name
		ADDED from src\main\AndroidManifest.xml:7:22-63
uses-permission#android.permission.SEND_SMS
ADDED from src\main\AndroidManifest.xml:8:5-67
	android:name
		ADDED from src\main\AndroidManifest.xml:8:22-64
uses-permission#android.permission.READ_PHONE_STATE
ADDED from src\main\AndroidManifest.xml:9:5-74
	android:name
		ADDED from src\main\AndroidManifest.xml:9:22-72
uses-permission#android.permission.GET_ACCOUNTS
ADDED from src\main\AndroidManifest.xml:11:5-70
	android:name
		ADDED from src\main\AndroidManifest.xml:11:22-68
uses-permission#android.permission.WRITE_EXTERNAL_STORAGE
ADDED from src\main\AndroidManifest.xml:13:5-80
	android:name
		ADDED from src\main\AndroidManifest.xml:13:22-78
application
ADDED from src\main\AndroidManifest.xml:15:5-94:19
MERGED from [com.firebaseui:firebase-ui-auth:4.0.1] AndroidManifest.xml:15:5-91:19
MERGED from [com.firebaseui:firebase-ui-auth:4.0.1] AndroidManifest.xml:15:5-91:19
MERGED from [com.google.firebase:firebase-core:16.0.0] AndroidManifest.xml:7:5-20
MERGED from [com.google.firebase:firebase-core:16.0.0] AndroidManifest.xml:7:5-20
MERGED from [com.google.firebase:firebase-auth:16.0.1] AndroidManifest.xml:22:5-36:19
MERGED from [com.google.firebase:firebase-auth:16.0.1] AndroidManifest.xml:22:5-36:19
MERGED from [de.hdodenhof:circleimageview:2.2.0] AndroidManifest.xml:9:5-20
MERGED from [de.hdodenhof:circleimageview:2.2.0] AndroidManifest.xml:9:5-20
MERGED from [com.google.firebase:firebase-messaging:17.0.0] AndroidManifest.xml:22:5-35:19
MERGED from [com.google.firebase:firebase-messaging:17.0.0] AndroidManifest.xml:22:5-35:19
MERGED from [com.google.firebase:firebase-measurement-connector-impl:16.0.0] AndroidManifest.xml:26:5-32:19
MERGED from [com.google.firebase:firebase-measurement-connector-impl:16.0.0] AndroidManifest.xml:26:5-32:19
MERGED from [com.google.firebase:firebase-analytics:16.0.0] AndroidManifest.xml:28:5-53:19
MERGED from [com.google.firebase:firebase-analytics:16.0.0] AndroidManifest.xml:28:5-53:19
MERGED from [com.google.firebase:firebase-auth-interop:16.0.0] AndroidManifest.xml:7:5-8:19
MERGED from [com.google.firebase:firebase-auth-interop:16.0.0] AndroidManifest.xml:7:5-8:19
MERGED from [com.google.firebase:firebase-analytics-impl:16.0.0] AndroidManifest.xml:28:5-39:19
MERGED from [com.google.firebase:firebase-analytics-impl:16.0.0] AndroidManifest.xml:28:5-39:19
MERGED from [com.google.firebase:firebase-iid:16.0.0] AndroidManifest.xml:34:5-63:19
MERGED from [com.google.firebase:firebase-iid:16.0.0] AndroidManifest.xml:34:5-63:19
MERGED from [com.google.firebase:firebase-common:16.0.0] AndroidManifest.xml:8:5-14:19
MERGED from [com.google.firebase:firebase-common:16.0.0] AndroidManifest.xml:8:5-14:19
MERGED from [com.google.android.gms:play-services-auth:15.0.1] AndroidManifest.xml:22:5-37:19
MERGED from [com.google.android.gms:play-services-auth:15.0.1] AndroidManifest.xml:22:5-37:19
MERGED from [com.google.firebase:firebase-iid-interop:16.0.0] AndroidManifest.xml:7:5-8:19
MERGED from [com.google.firebase:firebase-iid-interop:16.0.0] AndroidManifest.xml:7:5-8:19
MERGED from [com.google.android.gms:play-services-base:15.0.1] AndroidManifest.xml:22:5-27:19
MERGED from [com.google.android.gms:play-services-base:15.0.1] AndroidManifest.xml:22:5-27:19
MERGED from [com.google.android.gms:play-services-tasks:15.0.1] AndroidManifest.xml:7:5-20
MERGED from [com.google.android.gms:play-services-tasks:15.0.1] AndroidManifest.xml:7:5-20
MERGED from [com.google.firebase:firebase-measurement-connector:16.0.0] AndroidManifest.xml:22:5-23:19
MERGED from [com.google.firebase:firebase-measurement-connector:16.0.0] AndroidManifest.xml:22:5-23:19
MERGED from [com.google.android.gms:play-services-stats:15.0.1] AndroidManifest.xml:7:5-20
MERGED from [com.google.android.gms:play-services-stats:15.0.1] AndroidManifest.xml:7:5-20
MERGED from [com.google.android.gms:play-services-ads-identifier:15.0.1] AndroidManifest.xml:22:5-20
MERGED from [com.google.android.gms:play-services-ads-identifier:15.0.1] AndroidManifest.xml:22:5-20
MERGED from [com.google.android.gms:play-services-basement:15.0.1] AndroidManifest.xml:22:5-26:19
MERGED from [com.google.android.gms:play-services-basement:15.0.1] AndroidManifest.xml:22:5-26:19
MERGED from [android.arch.lifecycle:extensions:1.1.1] AndroidManifest.xml:22:5-28:19
MERGED from [android.arch.lifecycle:extensions:1.1.1] AndroidManifest.xml:22:5-28:19
MERGED from [com.android.support.constraint:constraint-layout:1.1.0] AndroidManifest.xml:9:5-20
MERGED from [com.android.support.constraint:constraint-layout:1.1.0] AndroidManifest.xml:9:5-20
MERGED from [com.google.android.gms:play-services-measurement-base:15.0.4] AndroidManifest.xml:22:5-20
MERGED from [com.google.android.gms:play-services-measurement-base:15.0.4] AndroidManifest.xml:22:5-20
	android:supportsRtl
		ADDED from src\main\AndroidManifest.xml:19:9-35
	android:label
		ADDED from src\main\AndroidManifest.xml:18:9-41
	android:icon
		ADDED from src\main\AndroidManifest.xml:17:9-43
	android:allowBackup
		ADDED from src\main\AndroidManifest.xml:16:9-35
	android:theme
		ADDED from src\main\AndroidManifest.xml:20:9-40
activity#com.android.HRmanager.MainActivity
ADDED from src\main\AndroidManifest.xml:21:9-25:15
	android:label
		ADDED from src\main\AndroidManifest.xml:23:13-45
	android:launchMode
		ADDED from src\main\AndroidManifest.xml:24:13-43
	android:name
		ADDED from src\main\AndroidManifest.xml:22:13-62
activity#com.android.HRmanager.ui.LoginActivity
ADDED from src\main\AndroidManifest.xml:26:9-36:20
	android:screenOrientation
		ADDED from src\main\AndroidManifest.xml:29:13-49
	android:launchMode
		ADDED from src\main\AndroidManifest.xml:28:13-43
	android:theme
		ADDED from src\main\AndroidManifest.xml:30:13-57
	android:name
		ADDED from src\main\AndroidManifest.xml:27:13-66
intent-filter#action:name:android.intent.action.MAIN+category:name:android.intent.category.LAUNCHER
ADDED from src\main\AndroidManifest.xml:31:13-35:29
action#android.intent.action.MAIN
ADDED from src\main\AndroidManifest.xml:32:17-69
	android:name
		ADDED from src\main\AndroidManifest.xml:32:25-66
category#android.intent.category.LAUNCHER
ADDED from src\main\AndroidManifest.xml:34:17-77
	android:name
		ADDED from src\main\AndroidManifest.xml:34:27-74
activity#com.android.HRmanager.ui.RegisterActivity
ADDED from src\main\AndroidManifest.xml:37:9-41:50
	android:screenOrientation
		ADDED from src\main\AndroidManifest.xml:40:13-49
	android:launchMode
		ADDED from src\main\AndroidManifest.xml:39:13-43
	android:theme
		ADDED from src\main\AndroidManifest.xml:41:13-47
	android:name
		ADDED from src\main\AndroidManifest.xml:38:13-69
activity#com.android.HRmanager.ui.VerificationCheck
ADDED from src\main\AndroidManifest.xml:42:9-44:15
	android:name
		ADDED from src\main\AndroidManifest.xml:43:13-70
activity#com.android.HRmanager.ui.ChatActivity
ADDED from src\main\AndroidManifest.xml:45:9-49:76
	android:screenOrientation
		ADDED from src\main\AndroidManifest.xml:47:13-49
	android:parentActivityName
		ADDED from src\main\AndroidManifest.xml:48:13-76
	android:theme
		ADDED from src\main\AndroidManifest.xml:49:13-74
	android:name
		ADDED from src\main\AndroidManifest.xml:46:13-65
activity#com.android.HRmanager.ui.AddGroupActivity
ADDED from src\main\AndroidManifest.xml:50:9-51:76
	android:theme
		ADDED from src\main\AndroidManifest.xml:51:13-74
	android:name
		ADDED from src\main\AndroidManifest.xml:50:19-75
service#com.android.HRmanager.service.FriendChatService
ADDED from src\main\AndroidManifest.xml:52:9-54:42
	android:exported
		ADDED from src\main\AndroidManifest.xml:53:13-37
	android:persistent
		ADDED from src\main\AndroidManifest.xml:54:13-39
	android:name
		ADDED from src\main\AndroidManifest.xml:52:18-80
service#com.android.HRmanager.service.MyFirebaseMessagingService
ADDED from src\main\AndroidManifest.xml:56:9-60:19
	android:name
		ADDED from src\main\AndroidManifest.xml:56:18-68
intent-filter#action:name:com.google.firebase.MESSAGING_EVENT
ADDED from src\main\AndroidManifest.xml:57:13-59:29
action#com.google.firebase.MESSAGING_EVENT
ADDED from src\main\AndroidManifest.xml:58:17-78
	android:name
		ADDED from src\main\AndroidManifest.xml:58:25-75
service#com.android.HRmanager.service.MyFirebaseInstanceIDService
ADDED from src\main\AndroidManifest.xml:63:9-67:19
	android:name
		ADDED from src\main\AndroidManifest.xml:63:18-69
intent-filter#action:name:com.google.firebase.INSTANCE_ID_EVENT
ADDED from src\main\AndroidManifest.xml:64:13-66:29
action#com.google.firebase.INSTANCE_ID_EVENT
ADDED from src\main\AndroidManifest.xml:65:17-80
	android:name
		ADDED from src\main\AndroidManifest.xml:65:25-77
meta-data#com.google.firebase.messaging.default_notification_icon
ADDED from src\main\AndroidManifest.xml:76:9-78:65
	android:resource
		ADDED from src\main\AndroidManifest.xml:78:13-62
	android:name
		ADDED from src\main\AndroidManifest.xml:77:13-83
meta-data#com.google.android.gms.version
ADDED from src\main\AndroidManifest.xml:89:9-91:69
MERGED from [com.firebaseui:firebase-ui-auth:4.0.1] AndroidManifest.xml:16:9-18:69
MERGED from [com.firebaseui:firebase-ui-auth:4.0.1] AndroidManifest.xml:16:9-18:69
MERGED from [com.google.android.gms:play-services-basement:15.0.1] AndroidManifest.xml:23:9-25:69
MERGED from [com.google.android.gms:play-services-basement:15.0.1] AndroidManifest.xml:23:9-25:69
	android:value
		ADDED from src\main\AndroidManifest.xml:91:13-66
	android:name
		ADDED from src\main\AndroidManifest.xml:90:13-58
activity#com.android.HRmanager.sampledata.application_section
ADDED from src\main\AndroidManifest.xml:93:9-68
	android:name
		ADDED from src\main\AndroidManifest.xml:93:20-66
uses-sdk
INJECTED from src\main\AndroidManifest.xml reason: use-sdk injection requested
INJECTED from src\main\AndroidManifest.xml
INJECTED from src\main\AndroidManifest.xml
MERGED from [com.firebaseui:firebase-ui-auth:4.0.1] AndroidManifest.xml:8:5-10:41
MERGED from [com.firebaseui:firebase-ui-auth:4.0.1] AndroidManifest.xml:8:5-10:41
MERGED from [com.android.support:design:27.1.1] AndroidManifest.xml:20:5-44
MERGED from [com.android.support:design:27.1.1] AndroidManifest.xml:20:5-44
MERGED from [com.yarolegovich:lovely-dialog:1.1.0] AndroidManifest.xml:8:5-10:41
MERGED from [com.yarolegovich:lovely-dialog:1.1.0] AndroidManifest.xml:8:5-10:41
MERGED from [me.zhanghai.android.materialprogressbar:library:1.4.2] AndroidManifest.xml:12:5-14:41
MERGED from [me.zhanghai.android.materialprogressbar:library:1.4.2] AndroidManifest.xml:12:5-14:41
MERGED from [com.android.support:appcompat-v7:27.1.1] AndroidManifest.xml:20:5-44
MERGED from [com.android.support:appcompat-v7:27.1.1] AndroidManifest.xml:20:5-44
MERGED from [com.google.firebase:firebase-core:16.0.0] AndroidManifest.xml:5:5-44
MERGED from [com.google.firebase:firebase-core:16.0.0] AndroidManifest.xml:5:5-44
MERGED from [com.google.firebase:firebase-database:16.0.1] AndroidManifest.xml:6:5-44
MERGED from [com.google.firebase:firebase-database:16.0.1] AndroidManifest.xml:6:5-44
MERGED from [com.google.firebase:firebase-auth:16.0.1] AndroidManifest.xml:20:5-44
MERGED from [com.google.firebase:firebase-auth:16.0.1] AndroidManifest.xml:20:5-44
MERGED from [de.hdodenhof:circleimageview:2.2.0] AndroidManifest.xml:5:5-7:41
MERGED from [de.hdodenhof:circleimageview:2.2.0] AndroidManifest.xml:5:5-7:41
MERGED from [com.android.support:cardview-v7:27.1.1] AndroidManifest.xml:20:5-44
MERGED from [com.android.support:cardview-v7:27.1.1] AndroidManifest.xml:20:5-44
MERGED from [com.android.support:percent:27.1.1] AndroidManifest.xml:20:5-44
MERGED from [com.android.support:percent:27.1.1] AndroidManifest.xml:20:5-44
MERGED from [com.google.firebase:firebase-messaging:17.0.0] AndroidManifest.xml:20:5-44
MERGED from [com.google.firebase:firebase-messaging:17.0.0] AndroidManifest.xml:20:5-44
MERGED from [com.android.support:animated-vector-drawable:27.1.1] AndroidManifest.xml:20:5-44
MERGED from [com.android.support:animated-vector-drawable:27.1.1] AndroidManifest.xml:20:5-44
MERGED from [com.android.support:support-vector-drawable:27.1.1] AndroidManifest.xml:20:5-44
MERGED from [com.android.support:support-vector-drawable:27.1.1] AndroidManifest.xml:20:5-44
MERGED from [com.android.support:recyclerview-v7:27.1.1] AndroidManifest.xml:20:5-44
MERGED from [com.android.support:recyclerview-v7:27.1.1] AndroidManifest.xml:20:5-44
MERGED from [com.android.support:transition:27.1.1] AndroidManifest.xml:20:5-44
MERGED from [com.android.support:transition:27.1.1] AndroidManifest.xml:20:5-44
MERGED from [com.android.support:customtabs:27.1.1] AndroidManifest.xml:20:5-44
MERGED from [com.android.support:customtabs:27.1.1] AndroidManifest.xml:20:5-44
MERGED from [com.google.firebase:firebase-measurement-connector-impl:16.0.0] AndroidManifest.xml:20:5-44
MERGED from [com.google.firebase:firebase-measurement-connector-impl:16.0.0] AndroidManifest.xml:20:5-44
MERGED from [com.google.firebase:firebase-analytics:16.0.0] AndroidManifest.xml:20:5-44
MERGED from [com.google.firebase:firebase-analytics:16.0.0] AndroidManifest.xml:20:5-44
MERGED from [com.google.firebase:firebase-database-connection:16.0.1] AndroidManifest.xml:6:5-44
MERGED from [com.google.firebase:firebase-database-connection:16.0.1] AndroidManifest.xml:6:5-44
MERGED from [com.google.firebase:firebase-auth-interop:16.0.0] AndroidManifest.xml:5:5-44
MERGED from [com.google.firebase:firebase-auth-interop:16.0.0] AndroidManifest.xml:5:5-44
MERGED from [com.google.firebase:firebase-analytics-impl:16.0.0] AndroidManifest.xml:20:5-44
MERGED from [com.google.firebase:firebase-analytics-impl:16.0.0] AndroidManifest.xml:20:5-44
MERGED from [com.google.firebase:firebase-iid:16.0.0] AndroidManifest.xml:20:5-44
MERGED from [com.google.firebase:firebase-iid:16.0.0] AndroidManifest.xml:20:5-44
MERGED from [com.google.firebase:firebase-common:16.0.0] AndroidManifest.xml:5:5-6:37
MERGED from [com.google.firebase:firebase-common:16.0.0] AndroidManifest.xml:5:5-6:37
MERGED from [com.google.android.gms:play-services-flags:15.0.1] AndroidManifest.xml:20:5-44
MERGED from [com.google.android.gms:play-services-flags:15.0.1] AndroidManifest.xml:20:5-44
MERGED from [com.google.android.gms:play-services-auth:15.0.1] AndroidManifest.xml:20:5-44
MERGED from [com.google.android.gms:play-services-auth:15.0.1] AndroidManifest.xml:20:5-44
MERGED from [com.google.android.gms:play-services-auth-api-phone:15.0.1] AndroidManifest.xml:5:5-44
MERGED from [com.google.android.gms:play-services-auth-api-phone:15.0.1] AndroidManifest.xml:5:5-44
MERGED from [com.google.android.gms:play-services-auth-base:15.0.1] AndroidManifest.xml:5:5-44
MERGED from [com.google.android.gms:play-services-auth-base:15.0.1] AndroidManifest.xml:5:5-44
MERGED from [com.google.firebase:firebase-iid-interop:16.0.0] AndroidManifest.xml:5:5-44
MERGED from [com.google.firebase:firebase-iid-interop:16.0.0] AndroidManifest.xml:5:5-44
MERGED from [com.google.android.gms:play-services-base:15.0.1] AndroidManifest.xml:20:5-44
MERGED from [com.google.android.gms:play-services-base:15.0.1] AndroidManifest.xml:20:5-44
MERGED from [com.google.android.gms:play-services-tasks:15.0.1] AndroidManifest.xml:5:5-44
MERGED from [com.google.android.gms:play-services-tasks:15.0.1] AndroidManifest.xml:5:5-44
MERGED from [com.google.firebase:firebase-database-collection:15.0.1] AndroidManifest.xml:6:5-44
MERGED from [com.google.firebase:firebase-database-collection:15.0.1] AndroidManifest.xml:6:5-44
MERGED from [com.google.firebase:firebase-measurement-connector:16.0.0] AndroidManifest.xml:20:5-44
MERGED from [com.google.firebase:firebase-measurement-connector:16.0.0] AndroidManifest.xml:20:5-44
MERGED from [com.google.android.gms:play-services-stats:15.0.1] AndroidManifest.xml:5:5-44
MERGED from [com.google.android.gms:play-services-stats:15.0.1] AndroidManifest.xml:5:5-44
MERGED from [com.google.android.gms:play-services-ads-identifier:15.0.1] AndroidManifest.xml:20:5-44
MERGED from [com.google.android.gms:play-services-ads-identifier:15.0.1] AndroidManifest.xml:20:5-44
MERGED from [com.google.android.gms:play-services-basement:15.0.1] AndroidManifest.xml:20:5-44
MERGED from [com.google.android.gms:play-services-basement:15.0.1] AndroidManifest.xml:20:5-44
MERGED from [com.android.support:support-v4:27.1.1] AndroidManifest.xml:20:5-44
MERGED from [com.android.support:support-v4:27.1.1] AndroidManifest.xml:20:5-44
MERGED from [android.arch.lifecycle:extensions:1.1.1] AndroidManifest.xml:20:5-44
MERGED from [android.arch.lifecycle:extensions:1.1.1] AndroidManifest.xml:20:5-44
MERGED from [com.android.support:support-fragment:27.1.1] AndroidManifest.xml:20:5-44
MERGED from [com.android.support:support-fragment:27.1.1] AndroidManifest.xml:20:5-44
MERGED from [com.android.support:support-core-ui:27.1.1] AndroidManifest.xml:20:5-44
MERGED from [com.android.support:support-core-ui:27.1.1] AndroidManifest.xml:20:5-44
MERGED from [com.android.support:support-core-utils:27.1.1] AndroidManifest.xml:20:5-44
MERGED from [com.android.support:support-core-utils:27.1.1] AndroidManifest.xml:20:5-44
MERGED from [com.android.support:support-media-compat:27.1.1] AndroidManifest.xml:20:5-44
MERGED from [com.android.support:support-media-compat:27.1.1] AndroidManifest.xml:20:5-44
MERGED from [com.android.support:support-compat:27.1.1] AndroidManifest.xml:20:5-44
MERGED from [com.android.support:support-compat:27.1.1] AndroidManifest.xml:20:5-44
MERGED from [android.arch.lifecycle:livedata:1.1.1] AndroidManifest.xml:20:5-44
MERGED from [android.arch.lifecycle:livedata:1.1.1] AndroidManifest.xml:20:5-44
MERGED from [android.arch.lifecycle:livedata-core:1.1.1] AndroidManifest.xml:20:5-44
MERGED from [android.arch.lifecycle:livedata-core:1.1.1] AndroidManifest.xml:20:5-44
MERGED from [android.arch.core:runtime:1.1.1] AndroidManifest.xml:20:5-44
MERGED from [android.arch.core:runtime:1.1.1] AndroidManifest.xml:20:5-44
MERGED from [android.arch.lifecycle:runtime:1.1.1] AndroidManifest.xml:20:5-44
MERGED from [android.arch.lifecycle:runtime:1.1.1] AndroidManifest.xml:20:5-44
MERGED from [android.arch.lifecycle:viewmodel:1.1.1] AndroidManifest.xml:20:5-44
MERGED from [android.arch.lifecycle:viewmodel:1.1.1] AndroidManifest.xml:20:5-44
MERGED from [com.android.support.constraint:constraint-layout:1.1.0] AndroidManifest.xml:5:5-7:41
MERGED from [com.android.support.constraint:constraint-layout:1.1.0] AndroidManifest.xml:5:5-7:41
MERGED from [com.google.android.gms:play-services-measurement-base:15.0.4] AndroidManifest.xml:20:5-44
MERGED from [com.google.android.gms:play-services-measurement-base:15.0.4] AndroidManifest.xml:20:5-44
INJECTED from src\main\AndroidManifest.xml
INJECTED from src\main\AndroidManifest.xml
	android:targetSdkVersion
		INJECTED from src\main\AndroidManifest.xml
		ADDED from src\main\AndroidManifest.xml
		INJECTED from src\main\AndroidManifest.xml
	android:minSdkVersion
		INJECTED from src\main\AndroidManifest.xml
		ADDED from src\main\AndroidManifest.xml
		INJECTED from src\main\AndroidManifest.xml
uses-permission#android.permission.ACCESS_NETWORK_STATE
ADDED from [com.firebaseui:firebase-ui-auth:4.0.1] AndroidManifest.xml:12:5-79
MERGED from [com.google.firebase:firebase-measurement-connector-impl:16.0.0] AndroidManifest.xml:23:5-79
MERGED from [com.google.firebase:firebase-measurement-connector-impl:16.0.0] AndroidManifest.xml:23:5-79
MERGED from [com.google.firebase:firebase-analytics:16.0.0] AndroidManifest.xml:24:5-79
MERGED from [com.google.firebase:firebase-analytics:16.0.0] AndroidManifest.xml:24:5-79
MERGED from [com.google.firebase:firebase-analytics-impl:16.0.0] AndroidManifest.xml:24:5-79
MERGED from [com.google.firebase:firebase-analytics-impl:16.0.0] AndroidManifest.xml:24:5-79
MERGED from [com.google.firebase:firebase-iid:16.0.0] AndroidManifest.xml:22:5-79
MERGED from [com.google.firebase:firebase-iid:16.0.0] AndroidManifest.xml:22:5-79
	android:name
		ADDED from [com.firebaseui:firebase-ui-auth:4.0.1] AndroidManifest.xml:12:22-76
meta-data#com.facebook.sdk.ApplicationId
ADDED from [com.firebaseui:firebase-ui-auth:4.0.1] AndroidManifest.xml:19:9-21:63
	android:value
		ADDED from [com.firebaseui:firebase-ui-auth:4.0.1] AndroidManifest.xml:21:13-60
	android:name
		ADDED from [com.firebaseui:firebase-ui-auth:4.0.1] AndroidManifest.xml:20:13-58
activity#com.firebase.ui.auth.KickoffActivity
ADDED from [com.firebaseui:firebase-ui-auth:4.0.1] AndroidManifest.xml:23:9-27:61
	android:label
		ADDED from [com.firebaseui:firebase-ui-auth:4.0.1] AndroidManifest.xml:26:13-29
	android:exported
		ADDED from [com.firebaseui:firebase-ui-auth:4.0.1] AndroidManifest.xml:25:13-37
	android:theme
		ADDED from [com.firebaseui:firebase-ui-auth:4.0.1] AndroidManifest.xml:27:13-58
	android:name
		ADDED from [com.firebaseui:firebase-ui-auth:4.0.1] AndroidManifest.xml:24:13-64
activity#com.firebase.ui.auth.ui.idp.SingleSignInActivity
ADDED from [com.firebaseui:firebase-ui-auth:4.0.1] AndroidManifest.xml:28:9-32:61
	android:label
		ADDED from [com.firebaseui:firebase-ui-auth:4.0.1] AndroidManifest.xml:31:13-29
	android:exported
		ADDED from [com.firebaseui:firebase-ui-auth:4.0.1] AndroidManifest.xml:30:13-37
	android:theme
		ADDED from [com.firebaseui:firebase-ui-auth:4.0.1] AndroidManifest.xml:32:13-58
	android:name
		ADDED from [com.firebaseui:firebase-ui-auth:4.0.1] AndroidManifest.xml:29:13-76
activity#com.firebase.ui.auth.ui.email.RecoverPasswordActivity
ADDED from [com.firebaseui:firebase-ui-auth:4.0.1] AndroidManifest.xml:33:9-37:58
	android:label
		ADDED from [com.firebaseui:firebase-ui-auth:4.0.1] AndroidManifest.xml:36:13-72
	android:windowSoftInputMode
		ADDED from [com.firebaseui:firebase-ui-auth:4.0.1] AndroidManifest.xml:37:13-55
	android:exported
		ADDED from [com.firebaseui:firebase-ui-auth:4.0.1] AndroidManifest.xml:35:13-37
	android:name
		ADDED from [com.firebaseui:firebase-ui-auth:4.0.1] AndroidManifest.xml:34:13-81
activity#com.firebase.ui.auth.ui.email.EmailActivity
ADDED from [com.firebaseui:firebase-ui-auth:4.0.1] AndroidManifest.xml:38:9-42:58
	android:label
		ADDED from [com.firebaseui:firebase-ui-auth:4.0.1] AndroidManifest.xml:41:13-56
	android:windowSoftInputMode
		ADDED from [com.firebaseui:firebase-ui-auth:4.0.1] AndroidManifest.xml:42:13-55
	android:exported
		ADDED from [com.firebaseui:firebase-ui-auth:4.0.1] AndroidManifest.xml:40:13-37
	android:name
		ADDED from [com.firebaseui:firebase-ui-auth:4.0.1] AndroidManifest.xml:39:13-71
activity#com.firebase.ui.auth.ui.phone.PhoneActivity
ADDED from [com.firebaseui:firebase-ui-auth:4.0.1] AndroidManifest.xml:43:9-47:77
	android:label
		ADDED from [com.firebaseui:firebase-ui-auth:4.0.1] AndroidManifest.xml:46:13-66
	android:windowSoftInputMode
		ADDED from [com.firebaseui:firebase-ui-auth:4.0.1] AndroidManifest.xml:47:13-74
	android:exported
		ADDED from [com.firebaseui:firebase-ui-auth:4.0.1] AndroidManifest.xml:45:13-37
	android:name
		ADDED from [com.firebaseui:firebase-ui-auth:4.0.1] AndroidManifest.xml:44:13-71